<?xml version="1.0" encoding="UTF-8"?>
<testng-results ignored="1" total="2" passed="1" failed="0" skipped="0">
  <reporter-output>
  </reporter-output>
  <suite started-at="2024-07-11T09:52:00 IST" name="Suite" finished-at="2024-07-11T09:52:13 IST" duration-ms="13002">
    <groups>
    </groups>
    <test started-at="2024-07-11T09:52:00 IST" name="Test" finished-at="2024-07-11T09:52:13 IST" duration-ms="13002">
      <class name="com.mystore.testcases.TC_MyAccountPageTest">
        <test-method is-config="true" signature="setup()[pri:0, instance:com.mystore.testcases.TC_MyAccountPageTest@2d3379b4]" started-at="2024-07-11T09:52:00 IST" name="setup" finished-at="2024-07-11T09:52:11 IST" duration-ms="10150" status="PASS">
          <reporter-output>
          </reporter-output>
        </test-method> <!-- setup -->
        <test-method signature="verifyLogin()[pri:0, instance:com.mystore.testcases.TC_MyAccountPageTest@2d3379b4]" started-at="2024-07-11T09:52:11 IST" name="verifyLogin" finished-at="2024-07-11T09:52:13 IST" duration-ms="2384" status="PASS">
          <reporter-output>
          </reporter-output>
        </test-method> <!-- verifyLogin -->
      </class> <!-- com.mystore.testcases.TC_MyAccountPageTest -->
    </test> <!-- Test -->
  </suite> <!-- Suite -->
</testng-results>
